TN:
SF:src\data\helpers\jwtService.ts
FN:1,(empty-report)
FNF:1
FNH:0
FNDA:0,(empty-report)
DA:1,0
DA:2,0
DA:3,0
DA:4,0
DA:5,0
DA:6,0
DA:7,0
DA:8,0
DA:9,0
DA:10,0
LF:10
LH:0
BRDA:1,0,0,0
BRF:1
BRH:0
end_of_record
TN:
SF:src\data\protocols\helpers\jwt.ts
FN:1,(empty-report)
FNF:1
FNH:0
FNDA:0,(empty-report)
DA:1,0
DA:2,0
DA:3,0
LF:3
LH:0
BRDA:1,0,0,0
BRF:1
BRH:0
end_of_record
TN:
SF:src\data\protocols\repository\create.ts
FN:1,(empty-report)
FNF:1
FNH:0
FNDA:0,(empty-report)
DA:1,0
DA:2,0
DA:3,0
LF:3
LH:0
BRDA:1,0,0,0
BRF:1
BRH:0
end_of_record
TN:
SF:src\data\protocols\repository\load.ts
FN:1,(empty-report)
FNF:1
FNH:0
FNDA:0,(empty-report)
DA:1,0
DA:2,0
DA:3,0
LF:3
LH:0
BRDA:1,0,0,0
BRF:1
BRH:0
end_of_record
TN:
SF:src\data\protocols\repository\loadById.ts
FN:1,(empty-report)
FNF:1
FNH:0
FNDA:0,(empty-report)
DA:1,0
DA:2,0
DA:3,0
LF:3
LH:0
BRDA:1,0,0,0
BRF:1
BRH:0
end_of_record
TN:
SF:src\data\protocols\repository\updateCard.ts
FN:1,(empty-report)
FNF:1
FNH:0
FNDA:0,(empty-report)
DA:1,0
DA:2,0
DA:3,0
DA:4,0
DA:5,0
DA:6,0
LF:6
LH:0
BRDA:1,0,0,0
BRF:1
BRH:0
end_of_record
TN:
SF:src\data\usecases\auth.ts
FN:4,<instance_members_initializer>
FN:7,AuthUsecase
FN:8,execute
FNF:3
FNH:3
FNDA:4,<instance_members_initializer>
FNDA:4,AuthUsecase
FNDA:4,execute
DA:1,1
DA:2,1
DA:3,1
DA:4,4
DA:5,4
DA:6,4
DA:7,4
DA:8,4
DA:9,4
DA:10,4
DA:11,2
DA:12,2
DA:13,2
DA:14,4
LF:14
LH:14
BRDA:4,0,0,4
BRDA:7,1,0,4
BRDA:8,2,0,4
BRDA:9,3,0,1
BRDA:10,4,0,3
BRDA:10,5,0,1
BRDA:11,6,0,2
BRF:7
BRH:7
end_of_record
TN:
SF:src\data\usecases\createCard.ts
FN:12,<instance_members_initializer>
FN:13,CreateCardUsecase
FN:14,execute
FNF:3
FNH:3
FNDA:8,<instance_members_initializer>
FNDA:8,CreateCardUsecase
FNDA:8,execute
DA:1,1
DA:2,1
DA:3,1
DA:4,1
DA:5,1
DA:6,1
DA:7,1
DA:8,1
DA:9,1
DA:10,1
DA:11,1
DA:12,8
DA:13,8
DA:14,8
DA:15,8
DA:16,8
DA:17,8
DA:18,8
DA:19,8
LF:19
LH:19
BRDA:12,0,0,8
BRDA:13,1,0,8
BRDA:14,2,0,8
BRF:3
BRH:3
end_of_record
TN:
SF:src\data\usecases\load.ts
FN:4,<instance_members_initializer>
FN:5,LoadUsecase
FN:7,execute
FNF:3
FNH:3
FNDA:2,<instance_members_initializer>
FNDA:2,LoadUsecase
FNDA:2,execute
DA:1,1
DA:2,1
DA:3,1
DA:4,2
DA:5,2
DA:6,2
DA:7,2
DA:8,2
DA:9,2
DA:10,1
DA:11,1
DA:12,2
LF:12
LH:12
BRDA:4,0,0,2
BRDA:5,1,0,2
BRDA:7,2,0,2
BRDA:9,3,0,1
BRF:4
BRH:4
end_of_record
TN:
SF:src\data\usecases\updateCard.ts
FN:6,<instance_members_initializer>
FN:7,UpdateCardUsecase
FN:8,execute
FNF:3
FNH:3
FNDA:4,<instance_members_initializer>
FNDA:4,UpdateCardUsecase
FNDA:4,execute
DA:1,1
DA:2,1
DA:3,1
DA:4,1
DA:5,1
DA:6,4
DA:7,4
DA:8,4
DA:9,4
DA:10,4
DA:11,2
DA:12,2
DA:13,2
DA:14,2
DA:15,4
LF:15
LH:15
BRDA:6,0,0,4
BRDA:7,1,0,4
BRDA:8,2,0,4
BRDA:10,3,0,2
BRF:4
BRH:4
end_of_record
TN:
SF:src\domain\entities\card.ts
FN:4,<instance_members_initializer>
FN:10,Card
FN:17,getCard
FNF:3
FNH:3
FNDA:10,<instance_members_initializer>
FNDA:10,Card
FNDA:10,getCard
DA:1,1
DA:2,1
DA:3,1
DA:4,10
DA:5,10
DA:6,10
DA:7,10
DA:8,10
DA:9,10
DA:10,10
DA:11,10
DA:12,10
DA:13,10
DA:14,10
DA:15,10
DA:16,10
DA:17,10
DA:18,10
DA:19,10
DA:20,10
DA:21,10
DA:22,10
DA:23,10
DA:24,10
DA:25,10
DA:26,1
DA:27,1
DA:28,1
DA:29,1
DA:30,1
DA:31,1
DA:32,1
LF:32
LH:32
BRDA:4,0,0,10
BRDA:10,1,0,10
BRDA:11,2,0,8
BRDA:17,3,0,10
BRF:4
BRH:4
end_of_record
TN:
SF:src\domain\usecases\auth.ts
FN:1,(empty-report)
FNF:1
FNH:0
FNDA:0,(empty-report)
DA:1,0
DA:2,0
DA:3,0
LF:3
LH:0
BRDA:1,0,0,0
BRF:1
BRH:0
end_of_record
TN:
SF:src\domain\usecases\create.ts
FN:1,(empty-report)
FNF:1
FNH:0
FNDA:0,(empty-report)
DA:1,0
DA:2,0
DA:3,0
LF:3
LH:0
BRDA:1,0,0,0
BRF:1
BRH:0
end_of_record
TN:
SF:src\domain\usecases\delete.ts
FN:1,(empty-report)
FNF:1
FNH:0
FNDA:0,(empty-report)
DA:1,0
DA:2,0
DA:3,0
DA:4,0
LF:4
LH:0
BRDA:1,0,0,0
BRF:1
BRH:0
end_of_record
TN:
SF:src\domain\usecases\load.ts
FN:1,(empty-report)
FNF:1
FNH:0
FNDA:0,(empty-report)
DA:1,0
DA:2,0
DA:3,0
LF:3
LH:0
BRDA:1,0,0,0
BRF:1
BRH:0
end_of_record
TN:
SF:src\domain\usecases\update.ts
FN:1,(empty-report)
FNF:1
FNH:0
FNDA:0,(empty-report)
DA:1,0
DA:2,0
DA:3,0
LF:3
LH:0
BRDA:1,0,0,0
BRF:1
BRH:0
end_of_record
TN:
SF:src\presentational\controllers\auth.ts
FN:4,<instance_members_initializer>
FN:5,AuthController
FN:7,handle
FNF:3
FNH:3
FNDA:4,<instance_members_initializer>
FNDA:4,AuthController
FNDA:4,handle
DA:1,1
DA:2,1
DA:3,1
DA:4,4
DA:5,4
DA:6,4
DA:7,4
DA:8,4
DA:9,4
DA:10,4
DA:11,2
DA:12,1
DA:13,1
DA:14,1
DA:15,1
DA:16,4
DA:17,4
DA:18,1
DA:19,1
DA:20,1
DA:21,1
DA:22,1
LF:22
LH:22
BRDA:4,0,0,4
BRDA:5,1,0,4
BRDA:7,2,0,4
BRDA:9,3,0,1
BRDA:10,4,0,3
BRDA:10,5,0,1
BRDA:11,6,0,2
BRDA:12,7,0,1
BRF:8
BRH:8
end_of_record
TN:
SF:src\presentational\helpers\http-response.ts
FN:1,Ok
FN:2,Created
FN:3,NoContent
FN:4,BadRequest
FN:5,Unauthorized
FN:7,ExceptionError
FN:12,HttpRequest
FNF:7
FNH:4
FNDA:1,Ok
FNDA:0,Created
FNDA:0,NoContent
FNDA:2,BadRequest
FNDA:0,Unauthorized
FNDA:1,ExceptionError
FNDA:4,HttpRequest
DA:1,1
DA:2,1
DA:3,1
DA:4,1
DA:5,1
DA:6,1
DA:7,1
DA:8,1
DA:9,1
DA:10,1
DA:11,1
DA:12,4
DA:13,4
DA:14,4
DA:15,4
DA:16,4
DA:17,4
DA:18,1
DA:19,1
DA:20,1
DA:21,1
DA:22,1
DA:23,1
DA:24,1
DA:25,1
DA:26,1
DA:27,1
LF:27
LH:27
BRDA:1,0,0,1
BRDA:4,1,0,2
BRDA:7,2,0,1
BRDA:9,3,0,0
BRDA:12,4,0,4
BRF:5
BRH:4
end_of_record
TN:
SF:src\types\card.ts
FN:1,(empty-report)
FNF:1
FNH:0
FNDA:0,(empty-report)
DA:1,0
DA:2,0
DA:3,0
DA:4,0
DA:5,0
DA:6,0
LF:6
LH:0
BRDA:1,0,0,0
BRF:1
BRH:0
end_of_record
